{"/Users/tsh/Desktop/FSE/s17-ESN-SV6/ESN/backend/global.js":{"path":"/Users/tsh/Desktop/FSE/s17-ESN-SV6/ESN/backend/global.js","s":{"1":1},"b":{},"f":{},"fnMap":{},"statementMap":{"1":{"start":{"line":2,"column":0},"end":{"line":32,"column":2}}},"branchMap":{}},"/Users/tsh/Desktop/FSE/s17-ESN-SV6/ESN/backend/models/user.js":{"path":"/Users/tsh/Desktop/FSE/s17-ESN-SV6/ESN/backend/models/user.js","s":{"1":1,"2":1,"3":1,"4":1,"5":1,"6":1,"7":1,"8":104,"9":104,"10":104,"11":104,"12":104,"13":4,"14":4,"15":4,"16":2,"17":2,"18":2,"19":1,"20":1,"21":1,"22":0,"23":0,"24":0,"25":0,"26":0,"27":1,"28":1,"29":2,"30":1,"31":2,"32":2,"33":5,"34":2,"35":2,"36":3,"37":1,"38":2,"39":3,"40":1,"41":2,"42":3,"43":3,"44":1,"45":1,"46":1,"47":1,"48":1,"49":2,"50":2,"51":1,"52":1,"53":3,"54":3,"55":2,"56":4,"57":1,"58":3,"59":1,"60":2,"61":2,"62":1,"63":1,"64":5,"65":2,"66":2,"67":0,"68":0,"69":2,"70":2,"71":3,"72":2,"73":0,"74":0,"75":2,"76":2,"77":1,"78":2,"79":2,"80":1,"81":1,"82":2,"83":2,"84":3,"85":3,"86":1,"87":2,"88":1,"89":1,"90":1},"b":{"1":[2,2],"2":[1,1],"3":[0,0],"4":[0,0],"5":[1,2],"6":[1,2],"7":[1,3],"8":[1,2],"9":[2,3],"10":[0,2],"11":[2,1],"12":[0,2],"13":[1,1],"14":[1,2],"15":[1,1]},"f":{"1":1,"2":1,"3":104,"4":104,"5":4,"6":4,"7":0,"8":1,"9":2,"10":3,"11":1,"12":1,"13":2,"14":2,"15":1,"16":1,"17":3,"18":3,"19":2,"20":4,"21":1,"22":1,"23":5,"24":0,"25":2,"26":0,"27":2,"28":2,"29":2,"30":2,"31":2,"32":3},"fnMap":{"1":{"name":"(anonymous_1)","line":10,"loc":{"start":{"line":10,"column":15},"end":{"line":10,"column":17}}},"2":{"name":"(anonymous_2)","line":17,"loc":{"start":{"line":17,"column":13},"end":{"line":17,"column":34}}},"3":{"name":"(anonymous_3)","line":21,"loc":{"start":{"line":21,"column":11},"end":{"line":21,"column":27}}},"4":{"name":"(anonymous_4)","line":27,"loc":{"start":{"line":27,"column":15},"end":{"line":27,"column":37}}},"5":{"name":"(anonymous_5)","line":32,"loc":{"start":{"line":32,"column":9},"end":{"line":32,"column":25}}},"6":{"name":"(anonymous_6)","line":34,"loc":{"start":{"line":34,"column":25},"end":{"line":34,"column":48}}},"7":{"name":"(anonymous_7)","line":48,"loc":{"start":{"line":48,"column":32},"end":{"line":48,"column":63}}},"8":{"name":"(anonymous_8)","line":61,"loc":{"start":{"line":61,"column":17},"end":{"line":61,"column":39}}},"9":{"name":"(anonymous_9)","line":72,"loc":{"start":{"line":72,"column":13},"end":{"line":72,"column":29}}},"10":{"name":"(anonymous_10)","line":83,"loc":{"start":{"line":83,"column":23},"end":{"line":83,"column":72}}},"11":{"name":"(anonymous_11)","line":100,"loc":{"start":{"line":100,"column":12},"end":{"line":100,"column":28}}},"12":{"name":"(anonymous_12)","line":104,"loc":{"start":{"line":104,"column":4},"end":{"line":104,"column":27}}},"13":{"name":"(anonymous_13)","line":111,"loc":{"start":{"line":111,"column":11},"end":{"line":111,"column":32}}},"14":{"name":"(anonymous_14)","line":115,"loc":{"start":{"line":115,"column":3},"end":{"line":115,"column":26}}},"15":{"name":"(anonymous_15)","line":120,"loc":{"start":{"line":120,"column":11},"end":{"line":120,"column":33}}},"16":{"name":"(anonymous_16)","line":124,"loc":{"start":{"line":124,"column":9},"end":{"line":124,"column":34}}},"17":{"name":"(anonymous_17)","line":129,"loc":{"start":{"line":129,"column":9},"end":{"line":129,"column":30}}},"18":{"name":"(anonymous_18)","line":133,"loc":{"start":{"line":133,"column":9},"end":{"line":133,"column":32}}},"19":{"name":"(anonymous_19)","line":138,"loc":{"start":{"line":138,"column":11},"end":{"line":138,"column":28}}},"20":{"name":"(anonymous_20)","line":139,"loc":{"start":{"line":139,"column":16},"end":{"line":139,"column":30}}},"21":{"name":"(anonymous_21)","line":149,"loc":{"start":{"line":149,"column":16},"end":{"line":149,"column":33}}},"22":{"name":"(anonymous_22)","line":153,"loc":{"start":{"line":153,"column":4},"end":{"line":153,"column":27}}},"23":{"name":"(anonymous_23)","line":159,"loc":{"start":{"line":159,"column":15},"end":{"line":159,"column":49}}},"24":{"name":"(anonymous_24)","line":163,"loc":{"start":{"line":163,"column":74},"end":{"line":163,"column":98}}},"25":{"name":"(anonymous_25)","line":166,"loc":{"start":{"line":166,"column":79},"end":{"line":166,"column":103}}},"26":{"name":"(anonymous_26)","line":172,"loc":{"start":{"line":172,"column":52},"end":{"line":172,"column":75}}},"27":{"name":"(anonymous_27)","line":175,"loc":{"start":{"line":175,"column":57},"end":{"line":175,"column":80}}},"28":{"name":"(anonymous_28)","line":183,"loc":{"start":{"line":183,"column":16},"end":{"line":183,"column":32}}},"29":{"name":"(anonymous_29)","line":187,"loc":{"start":{"line":187,"column":3},"end":{"line":187,"column":26}}},"30":{"name":"(anonymous_30)","line":196,"loc":{"start":{"line":196,"column":9},"end":{"line":196,"column":25}}},"31":{"name":"(anonymous_31)","line":197,"loc":{"start":{"line":197,"column":21},"end":{"line":197,"column":44}}},"32":{"name":"(anonymous_32)","line":203,"loc":{"start":{"line":203,"column":13},"end":{"line":203,"column":30}}}},"statementMap":{"1":{"start":{"line":2,"column":0},"end":{"line":2,"column":33}},"2":{"start":{"line":3,"column":0},"end":{"line":3,"column":43}},"3":{"start":{"line":4,"column":0},"end":{"line":4,"column":32}},"4":{"start":{"line":5,"column":0},"end":{"line":5,"column":38}},"5":{"start":{"line":6,"column":0},"end":{"line":6,"column":37}},"6":{"start":{"line":11,"column":2},"end":{"line":16,"column":5}},"7":{"start":{"line":17,"column":2},"end":{"line":18,"column":5}},"8":{"start":{"line":22,"column":2},"end":{"line":22,"column":31}},"9":{"start":{"line":23,"column":2},"end":{"line":23,"column":54}},"10":{"start":{"line":24,"column":2},"end":{"line":24,"column":20}},"11":{"start":{"line":27,"column":2},"end":{"line":29,"column":5}},"12":{"start":{"line":28,"column":3},"end":{"line":28,"column":18}},"13":{"start":{"line":33,"column":2},"end":{"line":33,"column":35}},"14":{"start":{"line":34,"column":2},"end":{"line":44,"column":5}},"15":{"start":{"line":35,"column":4},"end":{"line":38,"column":5}},"16":{"start":{"line":36,"column":5},"end":{"line":36,"column":39}},"17":{"start":{"line":37,"column":5},"end":{"line":37,"column":12}},"18":{"start":{"line":39,"column":4},"end":{"line":42,"column":5}},"19":{"start":{"line":40,"column":5},"end":{"line":40,"column":41}},"20":{"start":{"line":41,"column":5},"end":{"line":41,"column":12}},"21":{"start":{"line":43,"column":4},"end":{"line":43,"column":43}},"22":{"start":{"line":49,"column":8},"end":{"line":49,"column":21}},"23":{"start":{"line":50,"column":8},"end":{"line":57,"column":9}},"24":{"start":{"line":51,"column":9},"end":{"line":56,"column":4}},"25":{"start":{"line":52,"column":16},"end":{"line":55,"column":99}},"26":{"start":{"line":58,"column":8},"end":{"line":58,"column":31}},"27":{"start":{"line":62,"column":5},"end":{"line":62,"column":18}},"28":{"start":{"line":63,"column":5},"end":{"line":68,"column":6}},"29":{"start":{"line":64,"column":9},"end":{"line":67,"column":83}},"30":{"start":{"line":69,"column":5},"end":{"line":69,"column":28}},"31":{"start":{"line":73,"column":5},"end":{"line":73,"column":22}},"32":{"start":{"line":74,"column":5},"end":{"line":75,"column":51}},"33":{"start":{"line":75,"column":9},"end":{"line":75,"column":51}},"34":{"start":{"line":76,"column":5},"end":{"line":79,"column":39}},"35":{"start":{"line":80,"column":5},"end":{"line":80,"column":19}},"36":{"start":{"line":85,"column":5},"end":{"line":91,"column":6}},"37":{"start":{"line":86,"column":9},"end":{"line":86,"column":79}},"38":{"start":{"line":90,"column":9},"end":{"line":90,"column":78}},"39":{"start":{"line":92,"column":5},"end":{"line":95,"column":67}},"40":{"start":{"line":93,"column":9},"end":{"line":93,"column":68}},"41":{"start":{"line":95,"column":9},"end":{"line":95,"column":67}},"42":{"start":{"line":96,"column":5},"end":{"line":96,"column":68}},"43":{"start":{"line":97,"column":5},"end":{"line":97,"column":23}},"44":{"start":{"line":101,"column":2},"end":{"line":101,"column":50}},"45":{"start":{"line":102,"column":2},"end":{"line":108,"column":5}},"46":{"start":{"line":105,"column":5},"end":{"line":105,"column":26}},"47":{"start":{"line":106,"column":5},"end":{"line":106,"column":22}},"48":{"start":{"line":107,"column":5},"end":{"line":107,"column":41}},"49":{"start":{"line":112,"column":2},"end":{"line":117,"column":6}},"50":{"start":{"line":116,"column":4},"end":{"line":116,"column":21}},"51":{"start":{"line":121,"column":5},"end":{"line":126,"column":12}},"52":{"start":{"line":125,"column":13},"end":{"line":125,"column":30}},"53":{"start":{"line":130,"column":5},"end":{"line":135,"column":12}},"54":{"start":{"line":134,"column":13},"end":{"line":134,"column":30}},"55":{"start":{"line":139,"column":5},"end":{"line":145,"column":8}},"56":{"start":{"line":140,"column":9},"end":{"line":141,"column":22}},"57":{"start":{"line":141,"column":13},"end":{"line":141,"column":22}},"58":{"start":{"line":142,"column":9},"end":{"line":143,"column":23}},"59":{"start":{"line":143,"column":13},"end":{"line":143,"column":23}},"60":{"start":{"line":144,"column":9},"end":{"line":144,"column":32}},"61":{"start":{"line":146,"column":5},"end":{"line":146,"column":21}},"62":{"start":{"line":150,"column":2},"end":{"line":156,"column":5}},"63":{"start":{"line":154,"column":5},"end":{"line":154,"column":22}},"64":{"start":{"line":160,"column":2},"end":{"line":178,"column":3}},"65":{"start":{"line":161,"column":3},"end":{"line":161,"column":22}},"66":{"start":{"line":162,"column":3},"end":{"line":165,"column":19}},"67":{"start":{"line":163,"column":16},"end":{"line":165,"column":19}},"68":{"start":{"line":164,"column":20},"end":{"line":164,"column":43}},"69":{"start":{"line":166,"column":3},"end":{"line":168,"column":6}},"70":{"start":{"line":167,"column":4},"end":{"line":167,"column":27}},"71":{"start":{"line":170,"column":7},"end":{"line":178,"column":3}},"72":{"start":{"line":171,"column":3},"end":{"line":174,"column":19}},"73":{"start":{"line":172,"column":16},"end":{"line":174,"column":19}},"74":{"start":{"line":173,"column":20},"end":{"line":173,"column":43}},"75":{"start":{"line":175,"column":3},"end":{"line":177,"column":6}},"76":{"start":{"line":176,"column":4},"end":{"line":176,"column":27}},"77":{"start":{"line":179,"column":2},"end":{"line":179,"column":24}},"78":{"start":{"line":184,"column":2},"end":{"line":192,"column":5}},"79":{"start":{"line":188,"column":4},"end":{"line":191,"column":45}},"80":{"start":{"line":189,"column":5},"end":{"line":189,"column":40}},"81":{"start":{"line":191,"column":5},"end":{"line":191,"column":45}},"82":{"start":{"line":197,"column":2},"end":{"line":199,"column":5}},"83":{"start":{"line":198,"column":3},"end":{"line":198,"column":20}},"84":{"start":{"line":204,"column":2},"end":{"line":214,"column":6}},"85":{"start":{"line":207,"column":4},"end":{"line":207,"column":62}},"86":{"start":{"line":207,"column":12},"end":{"line":207,"column":62}},"87":{"start":{"line":208,"column":4},"end":{"line":213,"column":5}},"88":{"start":{"line":209,"column":20},"end":{"line":209,"column":54}},"89":{"start":{"line":212,"column":5},"end":{"line":212,"column":27}},"90":{"start":{"line":218,"column":0},"end":{"line":218,"column":33}}},"branchMap":{"1":{"line":35,"type":"if","locations":[{"start":{"line":35,"column":4},"end":{"line":35,"column":4}},{"start":{"line":35,"column":4},"end":{"line":35,"column":4}}]},"2":{"line":39,"type":"if","locations":[{"start":{"line":39,"column":4},"end":{"line":39,"column":4}},{"start":{"line":39,"column":4},"end":{"line":39,"column":4}}]},"3":{"line":51,"type":"if","locations":[{"start":{"line":51,"column":9},"end":{"line":51,"column":9}},{"start":{"line":51,"column":9},"end":{"line":51,"column":9}}]},"4":{"line":51,"type":"binary-expr","locations":[{"start":{"line":51,"column":12},"end":{"line":51,"column":26}},{"start":{"line":51,"column":30},"end":{"line":51,"column":61}}]},"5":{"line":85,"type":"if","locations":[{"start":{"line":85,"column":5},"end":{"line":85,"column":5}},{"start":{"line":85,"column":5},"end":{"line":85,"column":5}}]},"6":{"line":92,"type":"if","locations":[{"start":{"line":92,"column":5},"end":{"line":92,"column":5}},{"start":{"line":92,"column":5},"end":{"line":92,"column":5}}]},"7":{"line":140,"type":"if","locations":[{"start":{"line":140,"column":9},"end":{"line":140,"column":9}},{"start":{"line":140,"column":9},"end":{"line":140,"column":9}}]},"8":{"line":142,"type":"if","locations":[{"start":{"line":142,"column":9},"end":{"line":142,"column":9}},{"start":{"line":142,"column":9},"end":{"line":142,"column":9}}]},"9":{"line":160,"type":"if","locations":[{"start":{"line":160,"column":2},"end":{"line":160,"column":2}},{"start":{"line":160,"column":2},"end":{"line":160,"column":2}}]},"10":{"line":162,"type":"if","locations":[{"start":{"line":162,"column":3},"end":{"line":162,"column":3}},{"start":{"line":162,"column":3},"end":{"line":162,"column":3}}]},"11":{"line":170,"type":"if","locations":[{"start":{"line":170,"column":7},"end":{"line":170,"column":7}},{"start":{"line":170,"column":7},"end":{"line":170,"column":7}}]},"12":{"line":171,"type":"if","locations":[{"start":{"line":171,"column":3},"end":{"line":171,"column":3}},{"start":{"line":171,"column":3},"end":{"line":171,"column":3}}]},"13":{"line":188,"type":"if","locations":[{"start":{"line":188,"column":4},"end":{"line":188,"column":4}},{"start":{"line":188,"column":4},"end":{"line":188,"column":4}}]},"14":{"line":207,"type":"if","locations":[{"start":{"line":207,"column":4},"end":{"line":207,"column":4}},{"start":{"line":207,"column":4},"end":{"line":207,"column":4}}]},"15":{"line":208,"type":"if","locations":[{"start":{"line":208,"column":4},"end":{"line":208,"column":4}},{"start":{"line":208,"column":4},"end":{"line":208,"column":4}}]}}},"/Users/tsh/Desktop/FSE/s17-ESN-SV6/ESN/backend/db/user.js":{"path":"/Users/tsh/Desktop/FSE/s17-ESN-SV6/ESN/backend/db/user.js","s":{"1":1,"2":1,"3":1,"4":1,"5":1,"6":1},"b":{},"f":{},"fnMap":{},"statementMap":{"1":{"start":{"line":1,"column":0},"end":{"line":3,"column":28}},"2":{"start":{"line":6,"column":0},"end":{"line":6,"column":63}},"3":{"start":{"line":8,"column":0},"end":{"line":23,"column":3}},"4":{"start":{"line":26,"column":0},"end":{"line":35,"column":3}},"5":{"start":{"line":38,"column":0},"end":{"line":38,"column":46}},"6":{"start":{"line":40,"column":0},"end":{"line":40,"column":22}}},"branchMap":{}},"/Users/tsh/Desktop/FSE/s17-ESN-SV6/ESN/backend/db/directory.js":{"path":"/Users/tsh/Desktop/FSE/s17-ESN-SV6/ESN/backend/db/directory.js","s":{"1":1,"2":1,"3":1,"4":1,"5":1,"6":1,"7":1},"b":{},"f":{},"fnMap":{},"statementMap":{"1":{"start":{"line":2,"column":0},"end":{"line":4,"column":28}},"2":{"start":{"line":6,"column":0},"end":{"line":6,"column":63}},"3":{"start":{"line":7,"column":0},"end":{"line":11,"column":3}},"4":{"start":{"line":12,"column":0},"end":{"line":18,"column":3}},"5":{"start":{"line":21,"column":0},"end":{"line":27,"column":3}},"6":{"start":{"line":30,"column":0},"end":{"line":30,"column":61}},"7":{"start":{"line":35,"column":0},"end":{"line":35,"column":27}}},"branchMap":{}},"/Users/tsh/Desktop/FSE/s17-ESN-SV6/ESN/backend/utils/index.js":{"path":"/Users/tsh/Desktop/FSE/s17-ESN-SV6/ESN/backend/utils/index.js","s":{"1":1,"2":1,"3":1,"4":1,"5":1,"6":1},"b":{},"f":{},"fnMap":{},"statementMap":{"1":{"start":{"line":1,"column":0},"end":{"line":1,"column":38}},"2":{"start":{"line":2,"column":0},"end":{"line":2,"column":45}},"3":{"start":{"line":3,"column":0},"end":{"line":3,"column":36}},"4":{"start":{"line":5,"column":0},"end":{"line":5,"column":36}},"5":{"start":{"line":6,"column":0},"end":{"line":6,"column":42}},"6":{"start":{"line":7,"column":0},"end":{"line":7,"column":34}}},"branchMap":{}},"/Users/tsh/Desktop/FSE/s17-ESN-SV6/ESN/backend/utils/token.js":{"path":"/Users/tsh/Desktop/FSE/s17-ESN-SV6/ESN/backend/utils/token.js","s":{"1":1,"2":1,"3":106,"4":106,"5":106},"b":{},"f":{"1":106},"fnMap":{"1":{"name":"(anonymous_1)","line":6,"loc":{"start":{"line":6,"column":22},"end":{"line":6,"column":36}}}},"statementMap":{"1":{"start":{"line":2,"column":0},"end":{"line":2,"column":32}},"2":{"start":{"line":6,"column":0},"end":{"line":13,"column":2}},"3":{"start":{"line":7,"column":4},"end":{"line":7,"column":32}},"4":{"start":{"line":8,"column":4},"end":{"line":11,"column":25}},"5":{"start":{"line":12,"column":4},"end":{"line":12,"column":17}}},"branchMap":{}},"/Users/tsh/Desktop/FSE/s17-ESN-SV6/ESN/backend/utils/stopWords.js":{"path":"/Users/tsh/Desktop/FSE/s17-ESN-SV6/ESN/backend/utils/stopWords.js","s":{"1":1,"2":1,"3":2,"4":2,"5":1},"b":{},"f":{"1":2},"fnMap":{"1":{"name":"(anonymous_1)","line":7,"loc":{"start":{"line":7,"column":14},"end":{"line":7,"column":42}}}},"statementMap":{"1":{"start":{"line":5,"column":0},"end":{"line":5,"column":812}},"2":{"start":{"line":7,"column":0},"end":{"line":10,"column":2}},"3":{"start":{"line":8,"column":4},"end":{"line":8,"column":36}},"4":{"start":{"line":9,"column":4},"end":{"line":9,"column":49}},"5":{"start":{"line":12,"column":0},"end":{"line":12,"column":26}}},"branchMap":{}},"/Users/tsh/Desktop/FSE/s17-ESN-SV6/ESN/backend/utils/type.js":{"path":"/Users/tsh/Desktop/FSE/s17-ESN-SV6/ESN/backend/utils/type.js","s":{"1":1,"2":1,"3":3,"4":1},"b":{"1":[3,2]},"f":{"1":3},"fnMap":{"1":{"name":"(anonymous_1)","line":7,"loc":{"start":{"line":7,"column":14},"end":{"line":7,"column":47}}}},"statementMap":{"1":{"start":{"line":5,"column":0},"end":{"line":5,"column":37}},"2":{"start":{"line":7,"column":0},"end":{"line":9,"column":2}},"3":{"start":{"line":8,"column":4},"end":{"line":8,"column":72}},"4":{"start":{"line":11,"column":0},"end":{"line":11,"column":26}}},"branchMap":{"1":{"line":8,"type":"binary-expr","locations":[{"start":{"line":8,"column":13},"end":{"line":8,"column":36}},{"start":{"line":8,"column":40},"end":{"line":8,"column":70}}]}}},"/Users/tsh/Desktop/FSE/s17-ESN-SV6/ESN/backend/models/directory.js":{"path":"/Users/tsh/Desktop/FSE/s17-ESN-SV6/ESN/backend/models/directory.js","s":{"1":1,"2":1,"3":1,"4":1,"5":1,"6":1,"7":3,"8":3,"9":3,"10":1,"11":1,"12":1,"13":1,"14":2,"15":2,"16":2,"17":2,"18":2,"19":5,"20":5,"21":5,"22":1,"23":1,"24":1,"25":1,"26":1,"27":4,"28":4,"29":4,"30":4,"31":4,"32":4,"33":5,"34":5,"35":5,"36":0,"37":0,"38":0,"39":5,"40":5,"41":5,"42":5,"43":5,"44":25,"45":25,"46":25,"47":14,"48":14,"49":1,"50":1,"51":1,"52":1,"53":1,"54":5,"55":2,"56":3,"57":1,"58":1,"59":2,"60":4,"61":4,"62":2,"63":2,"64":2,"65":1,"66":1,"67":1,"68":1,"69":3,"70":3,"71":1,"72":2,"73":7,"74":7,"75":1,"76":6,"77":1},"b":{"1":[1,2],"2":[1,4],"3":[0,5],"4":[2,3],"5":[2,2],"6":[1,1],"7":[1,2],"8":[1,6]},"f":{"1":3,"2":3,"3":1,"4":2,"5":2,"6":5,"7":5,"8":1,"9":4,"10":4,"11":5,"12":5,"13":5,"14":25,"15":25,"16":14,"17":14,"18":1,"19":1,"20":1,"21":2,"22":4,"23":2,"24":1,"25":3,"26":3,"27":7,"28":7},"fnMap":{"1":{"name":"(anonymous_1)","line":11,"loc":{"start":{"line":11,"column":17},"end":{"line":11,"column":27}}},"2":{"name":"(anonymous_2)","line":13,"loc":{"start":{"line":13,"column":38},"end":{"line":13,"column":52}}},"3":{"name":"(anonymous_3)","line":17,"loc":{"start":{"line":17,"column":38},"end":{"line":17,"column":73}}},"4":{"name":"(anonymous_4)","line":22,"loc":{"start":{"line":22,"column":45},"end":{"line":22,"column":58}}},"5":{"name":"(anonymous_5)","line":25,"loc":{"start":{"line":25,"column":42},"end":{"line":25,"column":76}}},"6":{"name":"(anonymous_6)","line":33,"loc":{"start":{"line":33,"column":22},"end":{"line":33,"column":32}}},"7":{"name":"(anonymous_7)","line":35,"loc":{"start":{"line":35,"column":44},"end":{"line":35,"column":58}}},"8":{"name":"(anonymous_8)","line":39,"loc":{"start":{"line":39,"column":37},"end":{"line":39,"column":59}}},"9":{"name":"(anonymous_9)","line":45,"loc":{"start":{"line":45,"column":51},"end":{"line":45,"column":64}}},"10":{"name":"(anonymous_10)","line":48,"loc":{"start":{"line":48,"column":41},"end":{"line":48,"column":64}}},"11":{"name":"(anonymous_11)","line":57,"loc":{"start":{"line":57,"column":21},"end":{"line":57,"column":31}}},"12":{"name":"(anonymous_12)","line":59,"loc":{"start":{"line":59,"column":40},"end":{"line":59,"column":54}}},"13":{"name":"(anonymous_13)","line":66,"loc":{"start":{"line":66,"column":47},"end":{"line":66,"column":60}}},"14":{"name":"(anonymous_14)","line":76,"loc":{"start":{"line":76,"column":13},"end":{"line":76,"column":32}}},"15":{"name":"(anonymous_15)","line":78,"loc":{"start":{"line":78,"column":20},"end":{"line":78,"column":40}}},"16":{"name":"(anonymous_16)","line":83,"loc":{"start":{"line":83,"column":11},"end":{"line":83,"column":32}}},"17":{"name":"(anonymous_17)","line":84,"loc":{"start":{"line":84,"column":34},"end":{"line":84,"column":58}}},"18":{"name":"(anonymous_18)","line":90,"loc":{"start":{"line":90,"column":10},"end":{"line":90,"column":31}}},"19":{"name":"(anonymous_19)","line":100,"loc":{"start":{"line":100,"column":19},"end":{"line":100,"column":37}}},"20":{"name":"(anonymous_20)","line":109,"loc":{"start":{"line":109,"column":38},"end":{"line":109,"column":53}}},"21":{"name":"(anonymous_21)","line":114,"loc":{"start":{"line":114,"column":20},"end":{"line":114,"column":40}}},"22":{"name":"(anonymous_22)","line":115,"loc":{"start":{"line":115,"column":22},"end":{"line":115,"column":36}}},"23":{"name":"(anonymous_23)","line":122,"loc":{"start":{"line":122,"column":11},"end":{"line":122,"column":28}}},"24":{"name":"(anonymous_24)","line":132,"loc":{"start":{"line":132,"column":47},"end":{"line":132,"column":62}}},"25":{"name":"(anonymous_25)","line":139,"loc":{"start":{"line":139,"column":14},"end":{"line":139,"column":29}}},"26":{"name":"(anonymous_26)","line":142,"loc":{"start":{"line":142,"column":7},"end":{"line":142,"column":27}}},"27":{"name":"(anonymous_27)","line":148,"loc":{"start":{"line":148,"column":11},"end":{"line":148,"column":37}}},"28":{"name":"(anonymous_28)","line":150,"loc":{"start":{"line":150,"column":40},"end":{"line":150,"column":58}}}},"statementMap":{"1":{"start":{"line":2,"column":0},"end":{"line":2,"column":43}},"2":{"start":{"line":3,"column":0},"end":{"line":3,"column":36}},"3":{"start":{"line":5,"column":0},"end":{"line":5,"column":14}},"4":{"start":{"line":6,"column":0},"end":{"line":6,"column":20}},"5":{"start":{"line":7,"column":0},"end":{"line":7,"column":16}},"6":{"start":{"line":8,"column":0},"end":{"line":8,"column":37}},"7":{"start":{"line":12,"column":8},"end":{"line":12,"column":22}},"8":{"start":{"line":13,"column":8},"end":{"line":30,"column":11}},"9":{"start":{"line":14,"column":12},"end":{"line":29,"column":13}},"10":{"start":{"line":15,"column":16},"end":{"line":15,"column":32}},"11":{"start":{"line":16,"column":16},"end":{"line":16,"column":46}},"12":{"start":{"line":17,"column":16},"end":{"line":19,"column":10}},"13":{"start":{"line":18,"column":20},"end":{"line":18,"column":59}},"14":{"start":{"line":22,"column":16},"end":{"line":28,"column":19}},"15":{"start":{"line":23,"column":20},"end":{"line":23,"column":36}},"16":{"start":{"line":24,"column":20},"end":{"line":24,"column":50}},"17":{"start":{"line":25,"column":20},"end":{"line":27,"column":11}},"18":{"start":{"line":26,"column":21},"end":{"line":26,"column":60}},"19":{"start":{"line":34,"column":8},"end":{"line":34,"column":22}},"20":{"start":{"line":35,"column":8},"end":{"line":54,"column":11}},"21":{"start":{"line":36,"column":12},"end":{"line":53,"column":13}},"22":{"start":{"line":37,"column":16},"end":{"line":37,"column":38}},"23":{"start":{"line":38,"column":16},"end":{"line":38,"column":58}},"24":{"start":{"line":39,"column":16},"end":{"line":41,"column":19}},"25":{"start":{"line":40,"column":20},"end":{"line":40,"column":46}},"26":{"start":{"line":42,"column":16},"end":{"line":42,"column":23}},"27":{"start":{"line":45,"column":16},"end":{"line":52,"column":19}},"28":{"start":{"line":46,"column":20},"end":{"line":46,"column":42}},"29":{"start":{"line":47,"column":20},"end":{"line":47,"column":62}},"30":{"start":{"line":48,"column":20},"end":{"line":51,"column":23}},"31":{"start":{"line":49,"column":24},"end":{"line":49,"column":51}},"32":{"start":{"line":50,"column":24},"end":{"line":50,"column":31}},"33":{"start":{"line":58,"column":8},"end":{"line":58,"column":22}},"34":{"start":{"line":59,"column":8},"end":{"line":73,"column":11}},"35":{"start":{"line":60,"column":12},"end":{"line":72,"column":13}},"36":{"start":{"line":61,"column":16},"end":{"line":61,"column":42}},"37":{"start":{"line":62,"column":16},"end":{"line":62,"column":30}},"38":{"start":{"line":63,"column":16},"end":{"line":63,"column":23}},"39":{"start":{"line":66,"column":16},"end":{"line":71,"column":19}},"40":{"start":{"line":67,"column":20},"end":{"line":67,"column":38}},"41":{"start":{"line":68,"column":20},"end":{"line":68,"column":54}},"42":{"start":{"line":69,"column":20},"end":{"line":69,"column":34}},"43":{"start":{"line":70,"column":20},"end":{"line":70,"column":27}},"44":{"start":{"line":77,"column":8},"end":{"line":77,"column":44}},"45":{"start":{"line":78,"column":8},"end":{"line":80,"column":11}},"46":{"start":{"line":79,"column":6},"end":{"line":79,"column":20}},"47":{"start":{"line":84,"column":5},"end":{"line":86,"column":8}},"48":{"start":{"line":85,"column":6},"end":{"line":85,"column":24}},"49":{"start":{"line":91,"column":5},"end":{"line":96,"column":9}},"50":{"start":{"line":95,"column":7},"end":{"line":95,"column":24}},"51":{"start":{"line":101,"column":8},"end":{"line":101,"column":25}},"52":{"start":{"line":102,"column":8},"end":{"line":102,"column":26}},"53":{"start":{"line":103,"column":8},"end":{"line":108,"column":9}},"54":{"start":{"line":104,"column":12},"end":{"line":107,"column":118}},"55":{"start":{"line":105,"column":16},"end":{"line":105,"column":119}},"56":{"start":{"line":107,"column":16},"end":{"line":107,"column":118}},"57":{"start":{"line":109,"column":8},"end":{"line":111,"column":11}},"58":{"start":{"line":110,"column":12},"end":{"line":110,"column":42}},"59":{"start":{"line":115,"column":8},"end":{"line":118,"column":11}},"60":{"start":{"line":116,"column":12},"end":{"line":116,"column":54}},"61":{"start":{"line":117,"column":12},"end":{"line":117,"column":51}},"62":{"start":{"line":119,"column":8},"end":{"line":119,"column":27}},"63":{"start":{"line":123,"column":5},"end":{"line":136,"column":9}},"64":{"start":{"line":126,"column":13},"end":{"line":135,"column":8}},"65":{"start":{"line":127,"column":20},"end":{"line":127,"column":72}},"66":{"start":{"line":131,"column":8},"end":{"line":131,"column":35}},"67":{"start":{"line":132,"column":20},"end":{"line":134,"column":23}},"68":{"start":{"line":133,"column":24},"end":{"line":133,"column":56}},"69":{"start":{"line":140,"column":5},"end":{"line":145,"column":9}},"70":{"start":{"line":143,"column":17},"end":{"line":143,"column":79}},"71":{"start":{"line":143,"column":27},"end":{"line":143,"column":79}},"72":{"start":{"line":144,"column":8},"end":{"line":144,"column":22}},"73":{"start":{"line":149,"column":8},"end":{"line":155,"column":9}},"74":{"start":{"line":151,"column":16},"end":{"line":153,"column":17}},"75":{"start":{"line":152,"column":20},"end":{"line":152,"column":70}},"76":{"start":{"line":154,"column":10},"end":{"line":154,"column":24}},"77":{"start":{"line":160,"column":0},"end":{"line":160,"column":38}}},"branchMap":{"1":{"line":14,"type":"if","locations":[{"start":{"line":14,"column":12},"end":{"line":14,"column":12}},{"start":{"line":14,"column":12},"end":{"line":14,"column":12}}]},"2":{"line":36,"type":"if","locations":[{"start":{"line":36,"column":12},"end":{"line":36,"column":12}},{"start":{"line":36,"column":12},"end":{"line":36,"column":12}}]},"3":{"line":60,"type":"if","locations":[{"start":{"line":60,"column":12},"end":{"line":60,"column":12}},{"start":{"line":60,"column":12},"end":{"line":60,"column":12}}]},"4":{"line":104,"type":"if","locations":[{"start":{"line":104,"column":12},"end":{"line":104,"column":12}},{"start":{"line":104,"column":12},"end":{"line":104,"column":12}}]},"5":{"line":117,"type":"cond-expr","locations":[{"start":{"line":117,"column":29},"end":{"line":117,"column":44}},{"start":{"line":117,"column":47},"end":{"line":117,"column":50}}]},"6":{"line":126,"type":"if","locations":[{"start":{"line":126,"column":13},"end":{"line":126,"column":13}},{"start":{"line":126,"column":13},"end":{"line":126,"column":13}}]},"7":{"line":143,"type":"if","locations":[{"start":{"line":143,"column":17},"end":{"line":143,"column":17}},{"start":{"line":143,"column":17},"end":{"line":143,"column":17}}]},"8":{"line":151,"type":"if","locations":[{"start":{"line":151,"column":16},"end":{"line":151,"column":16}},{"start":{"line":151,"column":16},"end":{"line":151,"column":16}}]}}},"/Users/tsh/Desktop/FSE/s17-ESN-SV6/ESN/backend/models/message.js":{"path":"/Users/tsh/Desktop/FSE/s17-ESN-SV6/ESN/backend/models/message.js","s":{"1":1,"2":1,"3":1,"4":3,"5":3,"6":3,"7":0,"8":0,"9":0,"10":0,"11":0,"12":0,"13":0,"14":0,"15":0,"16":0,"17":0,"18":0,"19":0,"20":0,"21":0,"22":0,"23":0,"24":0,"25":0,"26":0,"27":0,"28":0,"29":0,"30":0,"31":0,"32":0,"33":0,"34":0,"35":0,"36":0,"37":0,"38":0,"39":0,"40":0,"41":0,"42":0,"43":0,"44":1},"b":{"1":[0,0],"2":[0,0],"3":[0,0],"4":[0,0]},"f":{"1":3,"2":3,"3":0,"4":0,"5":0,"6":0,"7":0,"8":0,"9":0,"10":0},"fnMap":{"1":{"name":"(anonymous_1)","line":8,"loc":{"start":{"line":8,"column":17},"end":{"line":8,"column":31}}},"2":{"name":"(anonymous_2)","line":10,"loc":{"start":{"line":10,"column":17},"end":{"line":10,"column":36}}},"3":{"name":"(anonymous_3)","line":15,"loc":{"start":{"line":15,"column":18},"end":{"line":15,"column":31}}},"4":{"name":"(anonymous_4)","line":25,"loc":{"start":{"line":25,"column":17},"end":{"line":25,"column":59}}},"5":{"name":"(anonymous_5)","line":32,"loc":{"start":{"line":32,"column":15},"end":{"line":32,"column":39}}},"6":{"name":"(anonymous_6)","line":40,"loc":{"start":{"line":40,"column":24},"end":{"line":40,"column":74}}},"7":{"name":"(anonymous_7)","line":47,"loc":{"start":{"line":47,"column":15},"end":{"line":47,"column":39}}},"8":{"name":"(anonymous_8)","line":55,"loc":{"start":{"line":55,"column":21},"end":{"line":55,"column":54}}},"9":{"name":"(anonymous_9)","line":61,"loc":{"start":{"line":61,"column":15},"end":{"line":61,"column":32}}},"10":{"name":"(anonymous_10)","line":74,"loc":{"start":{"line":74,"column":23},"end":{"line":74,"column":45}}}},"statementMap":{"1":{"start":{"line":2,"column":0},"end":{"line":2,"column":39}},"2":{"start":{"line":3,"column":0},"end":{"line":3,"column":33}},"3":{"start":{"line":4,"column":0},"end":{"line":4,"column":37}},"4":{"start":{"line":9,"column":5},"end":{"line":9,"column":35}},"5":{"start":{"line":10,"column":5},"end":{"line":12,"column":8}},"6":{"start":{"line":11,"column":6},"end":{"line":11,"column":20}},"7":{"start":{"line":16,"column":8},"end":{"line":16,"column":25}},"8":{"start":{"line":17,"column":8},"end":{"line":21,"column":9}},"9":{"start":{"line":18,"column":12},"end":{"line":20,"column":38}},"10":{"start":{"line":22,"column":8},"end":{"line":22,"column":37}},"11":{"start":{"line":26,"column":8},"end":{"line":26,"column":45}},"12":{"start":{"line":27,"column":8},"end":{"line":27,"column":28}},"13":{"start":{"line":28,"column":8},"end":{"line":29,"column":95}},"14":{"start":{"line":29,"column":12},"end":{"line":29,"column":95}},"15":{"start":{"line":31,"column":5},"end":{"line":31,"column":175}},"16":{"start":{"line":32,"column":8},"end":{"line":37,"column":11}},"17":{"start":{"line":33,"column":12},"end":{"line":35,"column":13}},"18":{"start":{"line":34,"column":16},"end":{"line":34,"column":68}},"19":{"start":{"line":36,"column":9},"end":{"line":36,"column":28}},"20":{"start":{"line":41,"column":8},"end":{"line":41,"column":45}},"21":{"start":{"line":42,"column":8},"end":{"line":42,"column":28}},"22":{"start":{"line":43,"column":8},"end":{"line":44,"column":95}},"23":{"start":{"line":44,"column":12},"end":{"line":44,"column":95}},"24":{"start":{"line":46,"column":8},"end":{"line":46,"column":190}},"25":{"start":{"line":47,"column":8},"end":{"line":52,"column":11}},"26":{"start":{"line":48,"column":12},"end":{"line":50,"column":13}},"27":{"start":{"line":49,"column":16},"end":{"line":49,"column":68}},"28":{"start":{"line":51,"column":12},"end":{"line":51,"column":31}},"29":{"start":{"line":56,"column":8},"end":{"line":57,"column":111}},"30":{"start":{"line":58,"column":8},"end":{"line":58,"column":22}},"31":{"start":{"line":62,"column":8},"end":{"line":71,"column":8}},"32":{"start":{"line":65,"column":16},"end":{"line":66,"column":70}},"33":{"start":{"line":66,"column":20},"end":{"line":66,"column":70}},"34":{"start":{"line":67,"column":16},"end":{"line":70,"column":33}},"35":{"start":{"line":68,"column":20},"end":{"line":68,"column":54}},"36":{"start":{"line":70,"column":11},"end":{"line":70,"column":33}},"37":{"start":{"line":75,"column":5},"end":{"line":75,"column":37}},"38":{"start":{"line":76,"column":5},"end":{"line":76,"column":18}},"39":{"start":{"line":77,"column":5},"end":{"line":81,"column":6}},"40":{"start":{"line":78,"column":6},"end":{"line":78,"column":55}},"41":{"start":{"line":79,"column":6},"end":{"line":80,"column":48}},"42":{"start":{"line":80,"column":7},"end":{"line":80,"column":48}},"43":{"start":{"line":82,"column":5},"end":{"line":82,"column":19}},"44":{"start":{"line":87,"column":0},"end":{"line":87,"column":36}}},"branchMap":{"1":{"line":33,"type":"if","locations":[{"start":{"line":33,"column":12},"end":{"line":33,"column":12}},{"start":{"line":33,"column":12},"end":{"line":33,"column":12}}]},"2":{"line":48,"type":"if","locations":[{"start":{"line":48,"column":12},"end":{"line":48,"column":12}},{"start":{"line":48,"column":12},"end":{"line":48,"column":12}}]},"3":{"line":65,"type":"if","locations":[{"start":{"line":65,"column":16},"end":{"line":65,"column":16}},{"start":{"line":65,"column":16},"end":{"line":65,"column":16}}]},"4":{"line":67,"type":"if","locations":[{"start":{"line":67,"column":16},"end":{"line":67,"column":16}},{"start":{"line":67,"column":16},"end":{"line":67,"column":16}}]}}},"/Users/tsh/Desktop/FSE/s17-ESN-SV6/ESN/backend/db/message.js":{"path":"/Users/tsh/Desktop/FSE/s17-ESN-SV6/ESN/backend/db/message.js","s":{"1":1,"2":1,"3":1,"4":1,"5":1,"6":1},"b":{},"f":{},"fnMap":{},"statementMap":{"1":{"start":{"line":2,"column":0},"end":{"line":4,"column":28}},"2":{"start":{"line":6,"column":0},"end":{"line":6,"column":63}},"3":{"start":{"line":8,"column":0},"end":{"line":17,"column":3}},"4":{"start":{"line":19,"column":0},"end":{"line":25,"column":3}},"5":{"start":{"line":26,"column":0},"end":{"line":26,"column":51}},"6":{"start":{"line":28,"column":0},"end":{"line":28,"column":25}}},"branchMap":{}},"/Users/tsh/Desktop/FSE/s17-ESN-SV6/ESN/backend/models/person.js":{"path":"/Users/tsh/Desktop/FSE/s17-ESN-SV6/ESN/backend/models/person.js","s":{"1":1,"2":1,"3":15,"4":15,"5":15,"6":15,"7":1,"8":14,"9":1,"10":1,"11":2,"12":2,"13":1,"14":1,"15":1,"16":1,"17":3,"18":3,"19":2,"20":1,"21":1,"22":1,"23":3,"24":3,"25":3,"26":1,"27":2,"28":2,"29":2,"30":1,"31":1,"32":1},"b":{"1":[1,14],"2":[1,1],"3":[2,1],"4":[1,2],"5":[1,1]},"f":{"1":15,"2":15,"3":1,"4":2,"5":2,"6":3,"7":3,"8":3,"9":3,"10":2,"11":2},"fnMap":{"1":{"name":"(anonymous_1)","line":6,"loc":{"start":{"line":6,"column":16},"end":{"line":6,"column":42}}},"2":{"name":"(anonymous_2)","line":9,"loc":{"start":{"line":9,"column":23},"end":{"line":9,"column":47}}},"3":{"name":"(anonymous_3)","line":18,"loc":{"start":{"line":18,"column":16},"end":{"line":18,"column":33}}},"4":{"name":"(anonymous_4)","line":23,"loc":{"start":{"line":23,"column":14},"end":{"line":23,"column":33}}},"5":{"name":"(anonymous_5)","line":26,"loc":{"start":{"line":26,"column":12},"end":{"line":26,"column":35}}},"6":{"name":"(anonymous_6)","line":38,"loc":{"start":{"line":38,"column":15},"end":{"line":38,"column":44}}},"7":{"name":"(anonymous_7)","line":41,"loc":{"start":{"line":41,"column":12},"end":{"line":41,"column":35}}},"8":{"name":"(anonymous_8)","line":53,"loc":{"start":{"line":53,"column":10},"end":{"line":53,"column":28}}},"9":{"name":"(anonymous_9)","line":71,"loc":{"start":{"line":71,"column":15},"end":{"line":71,"column":38}}},"10":{"name":"(anonymous_10)","line":81,"loc":{"start":{"line":81,"column":17},"end":{"line":81,"column":27}}},"11":{"name":"(anonymous_11)","line":82,"loc":{"start":{"line":82,"column":23},"end":{"line":82,"column":45}}}},"statementMap":{"1":{"start":{"line":2,"column":0},"end":{"line":2,"column":37}},"2":{"start":{"line":3,"column":0},"end":{"line":3,"column":37}},"3":{"start":{"line":7,"column":8},"end":{"line":7,"column":43}},"4":{"start":{"line":8,"column":8},"end":{"line":8,"column":41}},"5":{"start":{"line":9,"column":8},"end":{"line":16,"column":11}},"6":{"start":{"line":10,"column":12},"end":{"line":15,"column":13}},"7":{"start":{"line":11,"column":16},"end":{"line":11,"column":68}},"8":{"start":{"line":14,"column":16},"end":{"line":14,"column":40}},"9":{"start":{"line":19,"column":8},"end":{"line":19,"column":31}},"10":{"start":{"line":20,"column":8},"end":{"line":20,"column":34}},"11":{"start":{"line":24,"column":8},"end":{"line":35,"column":15}},"12":{"start":{"line":27,"column":16},"end":{"line":34,"column":17}},"13":{"start":{"line":28,"column":20},"end":{"line":28,"column":72}},"14":{"start":{"line":31,"column":20},"end":{"line":31,"column":36}},"15":{"start":{"line":32,"column":20},"end":{"line":32,"column":37}},"16":{"start":{"line":33,"column":20},"end":{"line":33,"column":27}},"17":{"start":{"line":39,"column":8},"end":{"line":50,"column":15}},"18":{"start":{"line":42,"column":16},"end":{"line":49,"column":17}},"19":{"start":{"line":43,"column":20},"end":{"line":43,"column":72}},"20":{"start":{"line":46,"column":20},"end":{"line":46,"column":38}},"21":{"start":{"line":47,"column":20},"end":{"line":47,"column":37}},"22":{"start":{"line":48,"column":20},"end":{"line":48,"column":27}},"23":{"start":{"line":54,"column":8},"end":{"line":70,"column":35}},"24":{"start":{"line":71,"column":8},"end":{"line":78,"column":11}},"25":{"start":{"line":72,"column":12},"end":{"line":77,"column":13}},"26":{"start":{"line":73,"column":16},"end":{"line":73,"column":68}},"27":{"start":{"line":76,"column":16},"end":{"line":76,"column":41}},"28":{"start":{"line":82,"column":8},"end":{"line":89,"column":29}},"29":{"start":{"line":83,"column":12},"end":{"line":88,"column":13}},"30":{"start":{"line":84,"column":16},"end":{"line":84,"column":68}},"31":{"start":{"line":87,"column":16},"end":{"line":87,"column":48}},"32":{"start":{"line":95,"column":0},"end":{"line":95,"column":35}}},"branchMap":{"1":{"line":10,"type":"if","locations":[{"start":{"line":10,"column":12},"end":{"line":10,"column":12}},{"start":{"line":10,"column":12},"end":{"line":10,"column":12}}]},"2":{"line":27,"type":"if","locations":[{"start":{"line":27,"column":16},"end":{"line":27,"column":16}},{"start":{"line":27,"column":16},"end":{"line":27,"column":16}}]},"3":{"line":42,"type":"if","locations":[{"start":{"line":42,"column":16},"end":{"line":42,"column":16}},{"start":{"line":42,"column":16},"end":{"line":42,"column":16}}]},"4":{"line":72,"type":"if","locations":[{"start":{"line":72,"column":12},"end":{"line":72,"column":12}},{"start":{"line":72,"column":12},"end":{"line":72,"column":12}}]},"5":{"line":83,"type":"if","locations":[{"start":{"line":83,"column":12},"end":{"line":83,"column":12}},{"start":{"line":83,"column":12},"end":{"line":83,"column":12}}]}}},"/Users/tsh/Desktop/FSE/s17-ESN-SV6/ESN/backend/db/person.js":{"path":"/Users/tsh/Desktop/FSE/s17-ESN-SV6/ESN/backend/db/person.js","s":{"1":1,"2":1,"3":1,"4":1,"5":1},"b":{},"f":{},"fnMap":{},"statementMap":{"1":{"start":{"line":1,"column":0},"end":{"line":3,"column":28}},"2":{"start":{"line":6,"column":0},"end":{"line":6,"column":63}},"3":{"start":{"line":8,"column":0},"end":{"line":30,"column":3}},"4":{"start":{"line":32,"column":0},"end":{"line":32,"column":52}},"5":{"start":{"line":34,"column":0},"end":{"line":34,"column":24}}},"branchMap":{}},"/Users/tsh/Desktop/FSE/s17-ESN-SV6/ESN/backend/models/incident.js":{"path":"/Users/tsh/Desktop/FSE/s17-ESN-SV6/ESN/backend/models/incident.js","s":{"1":1,"2":1,"3":8,"4":8,"5":8,"6":1,"7":1,"8":7,"9":7,"10":2,"11":2,"12":1,"13":1,"14":1,"15":1,"16":2,"17":2,"18":1,"19":1,"20":1,"21":1,"22":1},"b":{"1":[1,7],"2":[1,1],"3":[1,1]},"f":{"1":8,"2":8,"3":2,"4":2,"5":2,"6":2},"fnMap":{"1":{"name":"(anonymous_1)","line":8,"loc":{"start":{"line":8,"column":18},"end":{"line":8,"column":37}}},"2":{"name":"(anonymous_2)","line":10,"loc":{"start":{"line":10,"column":25},"end":{"line":10,"column":45}}},"3":{"name":"(anonymous_3)","line":22,"loc":{"start":{"line":22,"column":18},"end":{"line":22,"column":28}}},"4":{"name":"(anonymous_4)","line":23,"loc":{"start":{"line":23,"column":26},"end":{"line":23,"column":49}}},"5":{"name":"(anonymous_5)","line":34,"loc":{"start":{"line":34,"column":13},"end":{"line":34,"column":28}}},"6":{"name":"(anonymous_6)","line":37,"loc":{"start":{"line":37,"column":32},"end":{"line":37,"column":56}}}},"statementMap":{"1":{"start":{"line":3,"column":0},"end":{"line":3,"column":41}},"2":{"start":{"line":4,"column":0},"end":{"line":4,"column":37}},"3":{"start":{"line":9,"column":8},"end":{"line":9,"column":49}},"4":{"start":{"line":10,"column":8},"end":{"line":19,"column":11}},"5":{"start":{"line":11,"column":12},"end":{"line":18,"column":13}},"6":{"start":{"line":12,"column":16},"end":{"line":12,"column":61}},"7":{"start":{"line":13,"column":16},"end":{"line":13,"column":23}},"8":{"start":{"line":16,"column":16},"end":{"line":16,"column":42}},"9":{"start":{"line":17,"column":16},"end":{"line":17,"column":23}},"10":{"start":{"line":23,"column":8},"end":{"line":31,"column":11}},"11":{"start":{"line":24,"column":12},"end":{"line":30,"column":13}},"12":{"start":{"line":25,"column":16},"end":{"line":25,"column":61}},"13":{"start":{"line":26,"column":16},"end":{"line":26,"column":23}},"14":{"start":{"line":28,"column":16},"end":{"line":28,"column":45}},"15":{"start":{"line":29,"column":16},"end":{"line":29,"column":23}},"16":{"start":{"line":35,"column":8},"end":{"line":46,"column":11}},"17":{"start":{"line":38,"column":16},"end":{"line":45,"column":17}},"18":{"start":{"line":39,"column":20},"end":{"line":39,"column":65}},"19":{"start":{"line":40,"column":20},"end":{"line":40,"column":27}},"20":{"start":{"line":43,"column":20},"end":{"line":43,"column":49}},"21":{"start":{"line":44,"column":20},"end":{"line":44,"column":27}},"22":{"start":{"line":50,"column":0},"end":{"line":50,"column":37}}},"branchMap":{"1":{"line":11,"type":"if","locations":[{"start":{"line":11,"column":12},"end":{"line":11,"column":12}},{"start":{"line":11,"column":12},"end":{"line":11,"column":12}}]},"2":{"line":24,"type":"if","locations":[{"start":{"line":24,"column":12},"end":{"line":24,"column":12}},{"start":{"line":24,"column":12},"end":{"line":24,"column":12}}]},"3":{"line":38,"type":"if","locations":[{"start":{"line":38,"column":16},"end":{"line":38,"column":16}},{"start":{"line":38,"column":16},"end":{"line":38,"column":16}}]}}},"/Users/tsh/Desktop/FSE/s17-ESN-SV6/ESN/backend/db/incident.js":{"path":"/Users/tsh/Desktop/FSE/s17-ESN-SV6/ESN/backend/db/incident.js","s":{"1":1,"2":1,"3":1,"4":1},"b":{},"f":{},"fnMap":{},"statementMap":{"1":{"start":{"line":4,"column":0},"end":{"line":6,"column":31}},"2":{"start":{"line":8,"column":0},"end":{"line":15,"column":3}},"3":{"start":{"line":17,"column":0},"end":{"line":17,"column":54}},"4":{"start":{"line":19,"column":0},"end":{"line":19,"column":26}}},"branchMap":{}}}