TN:
SF:/Users/tsh/Desktop/FSE/s17-ESN-SV6/ESN/backend/global.js
FNF:0
FNH:0
DA:2,1
LF:1
LH:1
BRF:0
BRH:0
end_of_record
TN:
SF:/Users/tsh/Desktop/FSE/s17-ESN-SV6/ESN/backend/models/user.js
FN:10,(anonymous_1)
FN:17,(anonymous_2)
FN:21,(anonymous_3)
FN:27,(anonymous_4)
FN:32,(anonymous_5)
FN:34,(anonymous_6)
FN:48,(anonymous_7)
FN:61,(anonymous_8)
FN:72,(anonymous_9)
FN:83,(anonymous_10)
FN:100,(anonymous_11)
FN:104,(anonymous_12)
FN:111,(anonymous_13)
FN:115,(anonymous_14)
FN:120,(anonymous_15)
FN:124,(anonymous_16)
FN:129,(anonymous_17)
FN:133,(anonymous_18)
FN:138,(anonymous_19)
FN:139,(anonymous_20)
FN:149,(anonymous_21)
FN:153,(anonymous_22)
FN:159,(anonymous_23)
FN:163,(anonymous_24)
FN:166,(anonymous_25)
FN:172,(anonymous_26)
FN:175,(anonymous_27)
FN:183,(anonymous_28)
FN:187,(anonymous_29)
FN:196,(anonymous_30)
FN:197,(anonymous_31)
FN:203,(anonymous_32)
FNF:32
FNH:29
FNDA:1,(anonymous_1)
FNDA:1,(anonymous_2)
FNDA:104,(anonymous_3)
FNDA:104,(anonymous_4)
FNDA:4,(anonymous_5)
FNDA:4,(anonymous_6)
FNDA:0,(anonymous_7)
FNDA:1,(anonymous_8)
FNDA:2,(anonymous_9)
FNDA:3,(anonymous_10)
FNDA:1,(anonymous_11)
FNDA:1,(anonymous_12)
FNDA:2,(anonymous_13)
FNDA:2,(anonymous_14)
FNDA:1,(anonymous_15)
FNDA:1,(anonymous_16)
FNDA:3,(anonymous_17)
FNDA:3,(anonymous_18)
FNDA:2,(anonymous_19)
FNDA:4,(anonymous_20)
FNDA:1,(anonymous_21)
FNDA:1,(anonymous_22)
FNDA:5,(anonymous_23)
FNDA:0,(anonymous_24)
FNDA:2,(anonymous_25)
FNDA:0,(anonymous_26)
FNDA:2,(anonymous_27)
FNDA:2,(anonymous_28)
FNDA:2,(anonymous_29)
FNDA:2,(anonymous_30)
FNDA:2,(anonymous_31)
FNDA:3,(anonymous_32)
DA:2,1
DA:3,1
DA:4,1
DA:5,1
DA:6,1
DA:11,1
DA:17,1
DA:22,104
DA:23,104
DA:24,104
DA:27,104
DA:28,104
DA:33,4
DA:34,4
DA:35,4
DA:36,2
DA:37,2
DA:39,2
DA:40,1
DA:41,1
DA:43,1
DA:49,0
DA:50,0
DA:51,0
DA:52,0
DA:58,0
DA:62,1
DA:63,1
DA:64,2
DA:69,1
DA:73,2
DA:74,2
DA:75,5
DA:76,2
DA:80,2
DA:85,3
DA:86,1
DA:90,2
DA:92,3
DA:93,1
DA:95,2
DA:96,3
DA:97,3
DA:101,1
DA:102,1
DA:105,1
DA:106,1
DA:107,1
DA:112,2
DA:116,2
DA:121,1
DA:125,1
DA:130,3
DA:134,3
DA:139,2
DA:140,4
DA:141,1
DA:142,3
DA:143,1
DA:144,2
DA:146,2
DA:150,1
DA:154,1
DA:160,5
DA:161,2
DA:162,2
DA:163,0
DA:164,0
DA:166,2
DA:167,2
DA:170,3
DA:171,2
DA:172,0
DA:173,0
DA:175,2
DA:176,2
DA:179,1
DA:184,2
DA:188,2
DA:189,1
DA:191,1
DA:197,2
DA:198,2
DA:204,3
DA:207,3
DA:208,2
DA:209,1
DA:212,1
DA:218,1
LF:89
LH:80
BRDA:35,1,0,2
BRDA:35,1,1,2
BRDA:39,2,0,1
BRDA:39,2,1,1
BRDA:51,3,0,0
BRDA:51,3,1,0
BRDA:51,4,0,0
BRDA:51,4,1,0
BRDA:85,5,0,1
BRDA:85,5,1,2
BRDA:92,6,0,1
BRDA:92,6,1,2
BRDA:140,7,0,1
BRDA:140,7,1,3
BRDA:142,8,0,1
BRDA:142,8,1,2
BRDA:160,9,0,2
BRDA:160,9,1,3
BRDA:162,10,0,0
BRDA:162,10,1,2
BRDA:170,11,0,2
BRDA:170,11,1,1
BRDA:171,12,0,0
BRDA:171,12,1,2
BRDA:188,13,0,1
BRDA:188,13,1,1
BRDA:207,14,0,1
BRDA:207,14,1,2
BRDA:208,15,0,1
BRDA:208,15,1,1
BRF:30
BRH:24
end_of_record
TN:
SF:/Users/tsh/Desktop/FSE/s17-ESN-SV6/ESN/backend/db/user.js
FNF:0
FNH:0
DA:1,1
DA:6,1
DA:8,1
DA:26,1
DA:38,1
DA:40,1
LF:6
LH:6
BRF:0
BRH:0
end_of_record
TN:
SF:/Users/tsh/Desktop/FSE/s17-ESN-SV6/ESN/backend/db/directory.js
FNF:0
FNH:0
DA:2,1
DA:6,1
DA:7,1
DA:12,1
DA:21,1
DA:30,1
DA:35,1
LF:7
LH:7
BRF:0
BRH:0
end_of_record
TN:
SF:/Users/tsh/Desktop/FSE/s17-ESN-SV6/ESN/backend/utils/index.js
FNF:0
FNH:0
DA:1,1
DA:2,1
DA:3,1
DA:5,1
DA:6,1
DA:7,1
LF:6
LH:6
BRF:0
BRH:0
end_of_record
TN:
SF:/Users/tsh/Desktop/FSE/s17-ESN-SV6/ESN/backend/utils/token.js
FN:6,(anonymous_1)
FNF:1
FNH:1
FNDA:106,(anonymous_1)
DA:2,1
DA:6,1
DA:7,106
DA:8,106
DA:12,106
LF:5
LH:5
BRF:0
BRH:0
end_of_record
TN:
SF:/Users/tsh/Desktop/FSE/s17-ESN-SV6/ESN/backend/utils/stopWords.js
FN:7,(anonymous_1)
FNF:1
FNH:1
FNDA:2,(anonymous_1)
DA:5,1
DA:7,1
DA:8,2
DA:9,2
DA:12,1
LF:5
LH:5
BRF:0
BRH:0
end_of_record
TN:
SF:/Users/tsh/Desktop/FSE/s17-ESN-SV6/ESN/backend/utils/type.js
FN:7,(anonymous_1)
FNF:1
FNH:1
FNDA:3,(anonymous_1)
DA:5,1
DA:7,1
DA:8,3
DA:11,1
LF:4
LH:4
BRDA:8,1,0,3
BRDA:8,1,1,2
BRF:2
BRH:2
end_of_record
TN:
SF:/Users/tsh/Desktop/FSE/s17-ESN-SV6/ESN/backend/models/directory.js
FN:11,(anonymous_1)
FN:13,(anonymous_2)
FN:17,(anonymous_3)
FN:22,(anonymous_4)
FN:25,(anonymous_5)
FN:33,(anonymous_6)
FN:35,(anonymous_7)
FN:39,(anonymous_8)
FN:45,(anonymous_9)
FN:48,(anonymous_10)
FN:57,(anonymous_11)
FN:59,(anonymous_12)
FN:66,(anonymous_13)
FN:76,(anonymous_14)
FN:78,(anonymous_15)
FN:83,(anonymous_16)
FN:84,(anonymous_17)
FN:90,(anonymous_18)
FN:100,(anonymous_19)
FN:109,(anonymous_20)
FN:114,(anonymous_21)
FN:115,(anonymous_22)
FN:122,(anonymous_23)
FN:132,(anonymous_24)
FN:139,(anonymous_25)
FN:142,(anonymous_26)
FN:148,(anonymous_27)
FN:150,(anonymous_28)
FNF:28
FNH:28
FNDA:3,(anonymous_1)
FNDA:3,(anonymous_2)
FNDA:1,(anonymous_3)
FNDA:2,(anonymous_4)
FNDA:2,(anonymous_5)
FNDA:5,(anonymous_6)
FNDA:5,(anonymous_7)
FNDA:1,(anonymous_8)
FNDA:4,(anonymous_9)
FNDA:4,(anonymous_10)
FNDA:5,(anonymous_11)
FNDA:5,(anonymous_12)
FNDA:5,(anonymous_13)
FNDA:25,(anonymous_14)
FNDA:25,(anonymous_15)
FNDA:14,(anonymous_16)
FNDA:14,(anonymous_17)
FNDA:1,(anonymous_18)
FNDA:1,(anonymous_19)
FNDA:1,(anonymous_20)
FNDA:2,(anonymous_21)
FNDA:4,(anonymous_22)
FNDA:2,(anonymous_23)
FNDA:1,(anonymous_24)
FNDA:3,(anonymous_25)
FNDA:3,(anonymous_26)
FNDA:7,(anonymous_27)
FNDA:7,(anonymous_28)
DA:2,1
DA:3,1
DA:5,1
DA:6,1
DA:7,1
DA:8,1
DA:12,3
DA:13,3
DA:14,3
DA:15,1
DA:16,1
DA:17,1
DA:18,1
DA:22,2
DA:23,2
DA:24,2
DA:25,2
DA:26,2
DA:34,5
DA:35,5
DA:36,5
DA:37,1
DA:38,1
DA:39,1
DA:40,1
DA:42,1
DA:45,4
DA:46,4
DA:47,4
DA:48,4
DA:49,4
DA:50,4
DA:58,5
DA:59,5
DA:60,5
DA:61,0
DA:62,0
DA:63,0
DA:66,5
DA:67,5
DA:68,5
DA:69,5
DA:70,5
DA:77,25
DA:78,25
DA:79,25
DA:84,14
DA:85,14
DA:91,1
DA:95,1
DA:101,1
DA:102,1
DA:103,1
DA:104,5
DA:105,2
DA:107,3
DA:109,1
DA:110,1
DA:115,2
DA:116,4
DA:117,4
DA:119,2
DA:123,2
DA:126,2
DA:127,1
DA:131,1
DA:132,1
DA:133,1
DA:140,3
DA:143,3
DA:144,2
DA:149,7
DA:151,7
DA:152,1
DA:154,6
DA:160,1
LF:76
LH:73
BRDA:14,1,0,1
BRDA:14,1,1,2
BRDA:36,2,0,1
BRDA:36,2,1,4
BRDA:60,3,0,0
BRDA:60,3,1,5
BRDA:104,4,0,2
BRDA:104,4,1,3
BRDA:117,5,0,2
BRDA:117,5,1,2
BRDA:126,6,0,1
BRDA:126,6,1,1
BRDA:143,7,0,1
BRDA:143,7,1,2
BRDA:151,8,0,1
BRDA:151,8,1,6
BRF:16
BRH:15
end_of_record
TN:
SF:/Users/tsh/Desktop/FSE/s17-ESN-SV6/ESN/backend/models/message.js
FN:8,(anonymous_1)
FN:10,(anonymous_2)
FN:15,(anonymous_3)
FN:25,(anonymous_4)
FN:32,(anonymous_5)
FN:40,(anonymous_6)
FN:47,(anonymous_7)
FN:55,(anonymous_8)
FN:61,(anonymous_9)
FN:74,(anonymous_10)
FNF:10
FNH:2
FNDA:3,(anonymous_1)
FNDA:3,(anonymous_2)
FNDA:0,(anonymous_3)
FNDA:0,(anonymous_4)
FNDA:0,(anonymous_5)
FNDA:0,(anonymous_6)
FNDA:0,(anonymous_7)
FNDA:0,(anonymous_8)
FNDA:0,(anonymous_9)
FNDA:0,(anonymous_10)
DA:2,1
DA:3,1
DA:4,1
DA:9,3
DA:10,3
DA:11,3
DA:16,0
DA:17,0
DA:18,0
DA:22,0
DA:26,0
DA:27,0
DA:28,0
DA:29,0
DA:31,0
DA:32,0
DA:33,0
DA:34,0
DA:36,0
DA:41,0
DA:42,0
DA:43,0
DA:44,0
DA:46,0
DA:47,0
DA:48,0
DA:49,0
DA:51,0
DA:56,0
DA:58,0
DA:62,0
DA:65,0
DA:66,0
DA:67,0
DA:68,0
DA:70,0
DA:75,0
DA:76,0
DA:77,0
DA:78,0
DA:79,0
DA:80,0
DA:82,0
DA:87,1
LF:44
LH:7
BRDA:33,1,0,0
BRDA:33,1,1,0
BRDA:48,2,0,0
BRDA:48,2,1,0
BRDA:65,3,0,0
BRDA:65,3,1,0
BRDA:67,4,0,0
BRDA:67,4,1,0
BRF:8
BRH:0
end_of_record
TN:
SF:/Users/tsh/Desktop/FSE/s17-ESN-SV6/ESN/backend/db/message.js
FNF:0
FNH:0
DA:2,1
DA:6,1
DA:8,1
DA:19,1
DA:26,1
DA:28,1
LF:6
LH:6
BRF:0
BRH:0
end_of_record
TN:
SF:/Users/tsh/Desktop/FSE/s17-ESN-SV6/ESN/backend/models/person.js
FN:6,(anonymous_1)
FN:9,(anonymous_2)
FN:18,(anonymous_3)
FN:23,(anonymous_4)
FN:26,(anonymous_5)
FN:38,(anonymous_6)
FN:41,(anonymous_7)
FN:53,(anonymous_8)
FN:71,(anonymous_9)
FN:81,(anonymous_10)
FN:82,(anonymous_11)
FNF:11
FNH:11
FNDA:15,(anonymous_1)
FNDA:15,(anonymous_2)
FNDA:1,(anonymous_3)
FNDA:2,(anonymous_4)
FNDA:2,(anonymous_5)
FNDA:3,(anonymous_6)
FNDA:3,(anonymous_7)
FNDA:3,(anonymous_8)
FNDA:3,(anonymous_9)
FNDA:2,(anonymous_10)
FNDA:2,(anonymous_11)
DA:2,1
DA:3,1
DA:7,15
DA:8,15
DA:9,15
DA:10,15
DA:11,1
DA:14,14
DA:19,1
DA:20,1
DA:24,2
DA:27,2
DA:28,1
DA:31,1
DA:32,1
DA:33,1
DA:39,3
DA:42,3
DA:43,2
DA:46,1
DA:47,1
DA:48,1
DA:54,3
DA:71,3
DA:72,3
DA:73,1
DA:76,2
DA:82,2
DA:83,2
DA:84,1
DA:87,1
DA:95,1
LF:32
LH:32
BRDA:10,1,0,1
BRDA:10,1,1,14
BRDA:27,2,0,1
BRDA:27,2,1,1
BRDA:42,3,0,2
BRDA:42,3,1,1
BRDA:72,4,0,1
BRDA:72,4,1,2
BRDA:83,5,0,1
BRDA:83,5,1,1
BRF:10
BRH:10
end_of_record
TN:
SF:/Users/tsh/Desktop/FSE/s17-ESN-SV6/ESN/backend/db/person.js
FNF:0
FNH:0
DA:1,1
DA:6,1
DA:8,1
DA:32,1
DA:34,1
LF:5
LH:5
BRF:0
BRH:0
end_of_record
TN:
SF:/Users/tsh/Desktop/FSE/s17-ESN-SV6/ESN/backend/models/incident.js
FN:8,(anonymous_1)
FN:10,(anonymous_2)
FN:22,(anonymous_3)
FN:23,(anonymous_4)
FN:34,(anonymous_5)
FN:37,(anonymous_6)
FNF:6
FNH:6
FNDA:8,(anonymous_1)
FNDA:8,(anonymous_2)
FNDA:2,(anonymous_3)
FNDA:2,(anonymous_4)
FNDA:2,(anonymous_5)
FNDA:2,(anonymous_6)
DA:3,1
DA:4,1
DA:9,8
DA:10,8
DA:11,8
DA:12,1
DA:13,1
DA:16,7
DA:17,7
DA:23,2
DA:24,2
DA:25,1
DA:26,1
DA:28,1
DA:29,1
DA:35,2
DA:38,2
DA:39,1
DA:40,1
DA:43,1
DA:44,1
DA:50,1
LF:22
LH:22
BRDA:11,1,0,1
BRDA:11,1,1,7
BRDA:24,2,0,1
BRDA:24,2,1,1
BRDA:38,3,0,1
BRDA:38,3,1,1
BRF:6
BRH:6
end_of_record
TN:
SF:/Users/tsh/Desktop/FSE/s17-ESN-SV6/ESN/backend/db/incident.js
FNF:0
FNH:0
DA:4,1
DA:8,1
DA:17,1
DA:19,1
LF:4
LH:4
BRF:0
BRH:0
end_of_record
